Programa que pide el tamano de dos matrices para generarlas aleatoriamente de 0 a 3
Puede realizar las operaciones de suma de ambas, multiplicacion y transpuesta, dadas las condiciones


Ingresa la operación deseada 1. Suma, 2. Multiplicacion o 3. Transpuesta de ambas matrices: 
Seleccionaste la operacion 3

La matriz A cuenta con 2 filas y 5 columnas
Se imprime la matriz generada A
0 3 3 1 3 
1 2 0 1 0 

La matriz B cuenta con 3 filas y 7 columnas
Se imprime la matriz generada B
3 3 3 2 0 0 3 
3 1 2 2 1 3 3 
3 1 3 0 1 3 2 

Transpuesta de la matriz A:
0 1 
3 2 
3 0 
1 1 
3 0 

Transpuesta de la matriz B:
3 3 3 
3 1 1 
3 2 3 
2 2 0 
0 1 1 
0 3 3 
3 3 2 
